<?xml version="1.0" encoding="UTF-8"?>
<testng-results skipped="1" failed="0" ignored="0" total="1" passed="0">
  <reporter-output>
  </reporter-output>
  <suite name="Default suite" duration-ms="34421" started-at="2020-05-06T18:22:30Z" finished-at="2020-05-06T18:23:04Z">
    <groups>
    </groups>
    <test name="Default test" duration-ms="34421" started-at="2020-05-06T18:22:30Z" finished-at="2020-05-06T18:23:04Z">
      <class name="com.wallethub.facebook.LoginPage.facebookHomePageTest">
        <test-method status="FAIL" signature="setUp()[pri:0, instance:com.wallethub.facebook.LoginPage.facebookHomePageTest@6536e911]" name="setUp" is-config="true" duration-ms="34142" started-at="2020-05-06T18:22:30Z" finished-at="2020-05-06T18:23:04Z">
          <exception class="org.openqa.selenium.SessionNotCreatedException">
            <message>
              <![CDATA[session not created: This version of ChromeDriver only supports Chrome version 83
Build info: version: '3.14.0', revision: 'aacccce0', time: '2018-08-02T20:19:58.91Z'
System info: host: 'DESKTOP-ESATMPN', ip: '192.168.43.228', os.name: 'Windows 10', os.arch: 'amd64', os.version: '10.0', java.version: '1.8.0_181'
Driver info: driver.version: ChromeDriver
remote stacktrace: Backtrace:
Ordinal0 [0x01159563+2725219]
Ordinal0 [0x01058551+1672529]
Ordinal0 [0x00F40359+525145]
Ordinal0 [0x00ED0B77+68471]
Ordinal0 [0x00ECD32C+54060]
Ordinal0 [0x00EECC37+183351]
Ordinal0 [0x00EECA3D+182845]
Ordinal0 [0x00EEA94B+174411]
Ordinal0 [0x00ED2528+75048]
Ordinal0 [0x00ED35A0+79264]
Ordinal0 [0x00ED3539+79161]
Ordinal0 [0x0106D607+1758727]
GetHandleVerifier [0x01276546+1050150]
GetHandleVerifier [0x01276291+1049457]
GetHandleVerifier [0x012810D7+1094071]
GetHandleVerifier [0x01276B46+1051686]
Ordinal0 [0x01065B06+1727238]
Ordinal0 [0x0106EB7B+1764219]
Ordinal0 [0x0106ECE3+1764579]
Ordinal0 [0x01084C05+1854469]
BaseThreadInitThunk [0x76006359+25]
RtlGetAppContainerNamedObjectPath [0x77337C14+228]
RtlGetAppContainerNamedObjectPath [0x77337BE4+180]
]]>
            </message>
            <full-stacktrace>
              <![CDATA[org.openqa.selenium.SessionNotCreatedException: session not created: This version of ChromeDriver only supports Chrome version 83
Build info: version: '3.14.0', revision: 'aacccce0', time: '2018-08-02T20:19:58.91Z'
System info: host: 'DESKTOP-ESATMPN', ip: '192.168.43.228', os.name: 'Windows 10', os.arch: 'amd64', os.version: '10.0', java.version: '1.8.0_181'
Driver info: driver.version: ChromeDriver
remote stacktrace: Backtrace:
Ordinal0 [0x01159563+2725219]
Ordinal0 [0x01058551+1672529]
Ordinal0 [0x00F40359+525145]
Ordinal0 [0x00ED0B77+68471]
Ordinal0 [0x00ECD32C+54060]
Ordinal0 [0x00EECC37+183351]
Ordinal0 [0x00EECA3D+182845]
Ordinal0 [0x00EEA94B+174411]
Ordinal0 [0x00ED2528+75048]
Ordinal0 [0x00ED35A0+79264]
Ordinal0 [0x00ED3539+79161]
Ordinal0 [0x0106D607+1758727]
GetHandleVerifier [0x01276546+1050150]
GetHandleVerifier [0x01276291+1049457]
GetHandleVerifier [0x012810D7+1094071]
GetHandleVerifier [0x01276B46+1051686]
Ordinal0 [0x01065B06+1727238]
Ordinal0 [0x0106EB7B+1764219]
Ordinal0 [0x0106ECE3+1764579]
Ordinal0 [0x01084C05+1854469]
BaseThreadInitThunk [0x76006359+25]
RtlGetAppContainerNamedObjectPath [0x77337C14+228]
RtlGetAppContainerNamedObjectPath [0x77337BE4+180]

at sun.reflect.NativeConstructorAccessorImpl.newInstance0(Native Method)
at sun.reflect.NativeConstructorAccessorImpl.newInstance(NativeConstructorAccessorImpl.java:62)
at sun.reflect.DelegatingConstructorAccessorImpl.newInstance(DelegatingConstructorAccessorImpl.java:45)
at java.lang.reflect.Constructor.newInstance(Constructor.java:423)
at org.openqa.selenium.remote.W3CHandshakeResponse.lambda$new$0(W3CHandshakeResponse.java:57)
at org.openqa.selenium.remote.W3CHandshakeResponse.lambda$getResponseFunction$2(W3CHandshakeResponse.java:104)
at org.openqa.selenium.remote.ProtocolHandshake.lambda$createSession$0(ProtocolHandshake.java:122)
at java.util.stream.ReferencePipeline$3$1.accept(ReferencePipeline.java:193)
at java.util.Spliterators$ArraySpliterator.tryAdvance(Spliterators.java:958)
at java.util.stream.ReferencePipeline.forEachWithCancel(ReferencePipeline.java:126)
at java.util.stream.AbstractPipeline.copyIntoWithCancel(AbstractPipeline.java:498)
at java.util.stream.AbstractPipeline.copyInto(AbstractPipeline.java:485)
at java.util.stream.AbstractPipeline.wrapAndCopyInto(AbstractPipeline.java:471)
at java.util.stream.FindOps$FindOp.evaluateSequential(FindOps.java:152)
at java.util.stream.AbstractPipeline.evaluate(AbstractPipeline.java:234)
at java.util.stream.ReferencePipeline.findFirst(ReferencePipeline.java:464)
at org.openqa.selenium.remote.ProtocolHandshake.createSession(ProtocolHandshake.java:125)
at org.openqa.selenium.remote.ProtocolHandshake.createSession(ProtocolHandshake.java:73)
at org.openqa.selenium.remote.HttpCommandExecutor.execute(HttpCommandExecutor.java:136)
at org.openqa.selenium.remote.service.DriverCommandExecutor.execute(DriverCommandExecutor.java:83)
at org.openqa.selenium.remote.RemoteWebDriver.execute(RemoteWebDriver.java:548)
at org.openqa.selenium.remote.RemoteWebDriver.startSession(RemoteWebDriver.java:212)
at org.openqa.selenium.remote.RemoteWebDriver.<init>(RemoteWebDriver.java:130)
at org.openqa.selenium.chrome.ChromeDriver.<init>(ChromeDriver.java:181)
at org.openqa.selenium.chrome.ChromeDriver.<init>(ChromeDriver.java:168)
at org.openqa.selenium.chrome.ChromeDriver.<init>(ChromeDriver.java:123)
at com.wallethub.facebook.base.BaseClass.browserinitialization(BaseClass.java:51)
at com.wallethub.facebook.LoginPage.facebookHomePageTest.setUp(facebookHomePageTest.java:30)
at sun.reflect.NativeMethodAccessorImpl.invoke0(Native Method)
at sun.reflect.NativeMethodAccessorImpl.invoke(NativeMethodAccessorImpl.java:62)
at sun.reflect.DelegatingMethodAccessorImpl.invoke(DelegatingMethodAccessorImpl.java:43)
at java.lang.reflect.Method.invoke(Method.java:498)
at org.testng.internal.MethodInvocationHelper.invokeMethod(MethodInvocationHelper.java:124)
at org.testng.internal.MethodInvocationHelper.invokeMethodConsideringTimeout(MethodInvocationHelper.java:59)
at org.testng.internal.Invoker.invokeConfigurationMethod(Invoker.java:458)
at org.testng.internal.Invoker.invokeConfigurations(Invoker.java:222)
at org.testng.internal.Invoker.invokeConfigurations(Invoker.java:142)
at org.testng.TestRunner.beforeRun(TestRunner.java:529)
at org.testng.TestRunner.run(TestRunner.java:497)
at org.testng.SuiteRunner.runTest(SuiteRunner.java:455)
at org.testng.SuiteRunner.runSequentially(SuiteRunner.java:450)
at org.testng.SuiteRunner.privateRun(SuiteRunner.java:415)
at org.testng.SuiteRunner.run(SuiteRunner.java:364)
at org.testng.SuiteRunnerWorker.runSuite(SuiteRunnerWorker.java:52)
at org.testng.SuiteRunnerWorker.run(SuiteRunnerWorker.java:84)
at org.testng.TestNG.runSuitesSequentially(TestNG.java:1208)
at org.testng.TestNG.runSuitesLocally(TestNG.java:1137)
at org.testng.TestNG.runSuites(TestNG.java:1049)
at org.testng.TestNG.run(TestNG.java:1017)
at org.testng.remote.AbstractRemoteTestNG.run(AbstractRemoteTestNG.java:114)
at org.testng.remote.RemoteTestNG.initAndRun(RemoteTestNG.java:251)
at org.testng.remote.RemoteTestNG.main(RemoteTestNG.java:77)
]]>
            </full-stacktrace>
          </exception> <!-- org.openqa.selenium.SessionNotCreatedException -->
          <reporter-output>
          </reporter-output>
        </test-method> <!-- setUp -->
        <test-method status="SKIP" signature="login()[pri:0, instance:com.wallethub.facebook.LoginPage.facebookHomePageTest@6536e911]" name="login" duration-ms="0" started-at="2020-05-06T18:23:04Z" finished-at="2020-05-06T18:23:04Z">
          <exception class="org.openqa.selenium.SessionNotCreatedException">
            <message>
              <![CDATA[session not created: This version of ChromeDriver only supports Chrome version 83
Build info: version: '3.14.0', revision: 'aacccce0', time: '2018-08-02T20:19:58.91Z'
System info: host: 'DESKTOP-ESATMPN', ip: '192.168.43.228', os.name: 'Windows 10', os.arch: 'amd64', os.version: '10.0', java.version: '1.8.0_181'
Driver info: driver.version: ChromeDriver
remote stacktrace: Backtrace:
Ordinal0 [0x01159563+2725219]
Ordinal0 [0x01058551+1672529]
Ordinal0 [0x00F40359+525145]
Ordinal0 [0x00ED0B77+68471]
Ordinal0 [0x00ECD32C+54060]
Ordinal0 [0x00EECC37+183351]
Ordinal0 [0x00EECA3D+182845]
Ordinal0 [0x00EEA94B+174411]
Ordinal0 [0x00ED2528+75048]
Ordinal0 [0x00ED35A0+79264]
Ordinal0 [0x00ED3539+79161]
Ordinal0 [0x0106D607+1758727]
GetHandleVerifier [0x01276546+1050150]
GetHandleVerifier [0x01276291+1049457]
GetHandleVerifier [0x012810D7+1094071]
GetHandleVerifier [0x01276B46+1051686]
Ordinal0 [0x01065B06+1727238]
Ordinal0 [0x0106EB7B+1764219]
Ordinal0 [0x0106ECE3+1764579]
Ordinal0 [0x01084C05+1854469]
BaseThreadInitThunk [0x76006359+25]
RtlGetAppContainerNamedObjectPath [0x77337C14+228]
RtlGetAppContainerNamedObjectPath [0x77337BE4+180]
]]>
            </message>
            <full-stacktrace>
              <![CDATA[org.openqa.selenium.SessionNotCreatedException: session not created: This version of ChromeDriver only supports Chrome version 83
Build info: version: '3.14.0', revision: 'aacccce0', time: '2018-08-02T20:19:58.91Z'
System info: host: 'DESKTOP-ESATMPN', ip: '192.168.43.228', os.name: 'Windows 10', os.arch: 'amd64', os.version: '10.0', java.version: '1.8.0_181'
Driver info: driver.version: ChromeDriver
remote stacktrace: Backtrace:
Ordinal0 [0x01159563+2725219]
Ordinal0 [0x01058551+1672529]
Ordinal0 [0x00F40359+525145]
Ordinal0 [0x00ED0B77+68471]
Ordinal0 [0x00ECD32C+54060]
Ordinal0 [0x00EECC37+183351]
Ordinal0 [0x00EECA3D+182845]
Ordinal0 [0x00EEA94B+174411]
Ordinal0 [0x00ED2528+75048]
Ordinal0 [0x00ED35A0+79264]
Ordinal0 [0x00ED3539+79161]
Ordinal0 [0x0106D607+1758727]
GetHandleVerifier [0x01276546+1050150]
GetHandleVerifier [0x01276291+1049457]
GetHandleVerifier [0x012810D7+1094071]
GetHandleVerifier [0x01276B46+1051686]
Ordinal0 [0x01065B06+1727238]
Ordinal0 [0x0106EB7B+1764219]
Ordinal0 [0x0106ECE3+1764579]
Ordinal0 [0x01084C05+1854469]
BaseThreadInitThunk [0x76006359+25]
RtlGetAppContainerNamedObjectPath [0x77337C14+228]
RtlGetAppContainerNamedObjectPath [0x77337BE4+180]

at sun.reflect.NativeConstructorAccessorImpl.newInstance0(Native Method)
at sun.reflect.NativeConstructorAccessorImpl.newInstance(NativeConstructorAccessorImpl.java:62)
at sun.reflect.DelegatingConstructorAccessorImpl.newInstance(DelegatingConstructorAccessorImpl.java:45)
at java.lang.reflect.Constructor.newInstance(Constructor.java:423)
at org.openqa.selenium.remote.W3CHandshakeResponse.lambda$new$0(W3CHandshakeResponse.java:57)
at org.openqa.selenium.remote.W3CHandshakeResponse.lambda$getResponseFunction$2(W3CHandshakeResponse.java:104)
at org.openqa.selenium.remote.ProtocolHandshake.lambda$createSession$0(ProtocolHandshake.java:122)
at java.util.stream.ReferencePipeline$3$1.accept(ReferencePipeline.java:193)
at java.util.Spliterators$ArraySpliterator.tryAdvance(Spliterators.java:958)
at java.util.stream.ReferencePipeline.forEachWithCancel(ReferencePipeline.java:126)
at java.util.stream.AbstractPipeline.copyIntoWithCancel(AbstractPipeline.java:498)
at java.util.stream.AbstractPipeline.copyInto(AbstractPipeline.java:485)
at java.util.stream.AbstractPipeline.wrapAndCopyInto(AbstractPipeline.java:471)
at java.util.stream.FindOps$FindOp.evaluateSequential(FindOps.java:152)
at java.util.stream.AbstractPipeline.evaluate(AbstractPipeline.java:234)
at java.util.stream.ReferencePipeline.findFirst(ReferencePipeline.java:464)
at org.openqa.selenium.remote.ProtocolHandshake.createSession(ProtocolHandshake.java:125)
at org.openqa.selenium.remote.ProtocolHandshake.createSession(ProtocolHandshake.java:73)
at org.openqa.selenium.remote.HttpCommandExecutor.execute(HttpCommandExecutor.java:136)
at org.openqa.selenium.remote.service.DriverCommandExecutor.execute(DriverCommandExecutor.java:83)
at org.openqa.selenium.remote.RemoteWebDriver.execute(RemoteWebDriver.java:548)
at org.openqa.selenium.remote.RemoteWebDriver.startSession(RemoteWebDriver.java:212)
at org.openqa.selenium.remote.RemoteWebDriver.<init>(RemoteWebDriver.java:130)
at org.openqa.selenium.chrome.ChromeDriver.<init>(ChromeDriver.java:181)
at org.openqa.selenium.chrome.ChromeDriver.<init>(ChromeDriver.java:168)
at org.openqa.selenium.chrome.ChromeDriver.<init>(ChromeDriver.java:123)
at com.wallethub.facebook.base.BaseClass.browserinitialization(BaseClass.java:51)
at com.wallethub.facebook.LoginPage.facebookHomePageTest.setUp(facebookHomePageTest.java:30)
at sun.reflect.NativeMethodAccessorImpl.invoke0(Native Method)
at sun.reflect.NativeMethodAccessorImpl.invoke(NativeMethodAccessorImpl.java:62)
at sun.reflect.DelegatingMethodAccessorImpl.invoke(DelegatingMethodAccessorImpl.java:43)
at java.lang.reflect.Method.invoke(Method.java:498)
at org.testng.internal.MethodInvocationHelper.invokeMethod(MethodInvocationHelper.java:124)
at org.testng.internal.MethodInvocationHelper.invokeMethodConsideringTimeout(MethodInvocationHelper.java:59)
at org.testng.internal.Invoker.invokeConfigurationMethod(Invoker.java:458)
at org.testng.internal.Invoker.invokeConfigurations(Invoker.java:222)
at org.testng.internal.Invoker.invokeConfigurations(Invoker.java:142)
at org.testng.TestRunner.beforeRun(TestRunner.java:529)
at org.testng.TestRunner.run(TestRunner.java:497)
at org.testng.SuiteRunner.runTest(SuiteRunner.java:455)
at org.testng.SuiteRunner.runSequentially(SuiteRunner.java:450)
at org.testng.SuiteRunner.privateRun(SuiteRunner.java:415)
at org.testng.SuiteRunner.run(SuiteRunner.java:364)
at org.testng.SuiteRunnerWorker.runSuite(SuiteRunnerWorker.java:52)
at org.testng.SuiteRunnerWorker.run(SuiteRunnerWorker.java:84)
at org.testng.TestNG.runSuitesSequentially(TestNG.java:1208)
at org.testng.TestNG.runSuitesLocally(TestNG.java:1137)
at org.testng.TestNG.runSuites(TestNG.java:1049)
at org.testng.TestNG.run(TestNG.java:1017)
at org.testng.remote.AbstractRemoteTestNG.run(AbstractRemoteTestNG.java:114)
at org.testng.remote.RemoteTestNG.initAndRun(RemoteTestNG.java:251)
at org.testng.remote.RemoteTestNG.main(RemoteTestNG.java:77)
]]>
            </full-stacktrace>
          </exception> <!-- org.openqa.selenium.SessionNotCreatedException -->
          <reporter-output>
          </reporter-output>
        </test-method> <!-- login -->
        <test-method status="SKIP" signature="tearDown()[pri:0, instance:com.wallethub.facebook.LoginPage.facebookHomePageTest@6536e911]" name="tearDown" is-config="true" duration-ms="0" started-at="2020-05-06T18:23:04Z" finished-at="2020-05-06T18:23:04Z">
          <reporter-output>
          </reporter-output>
        </test-method> <!-- tearDown -->
      </class> <!-- com.wallethub.facebook.LoginPage.facebookHomePageTest -->
    </test> <!-- Default test -->
  </suite> <!-- Default suite -->
</testng-results>
